current directory: /home/leandro/Área de Trabalho/ecommerce_showzim_v2/''/gems/prism-0.15.1/ext/prism
/home/leandro/.rbenv/versions/3.2.2/bin/ruby extconf.rb
checking for whether -fvisibility=hidden is accepted as CFLAGS... yes
compiling build/static/enc/pm_windows_31j.o
compiling build/static/enc/pm_euc_jp.o
compiling build/static/enc/pm_tables.o
compiling build/static/enc/pm_unicode.o
compiling build/static/enc/pm_shift_jis.o
compiling build/static/enc/pm_big5.o
compiling build/static/enc/pm_gbk.o
compiling build/static/pack.o
compiling build/static/util/pm_string_list.o
compiling build/static/util/pm_strncasecmp.o
compiling build/static/util/pm_constant_pool.o
compiling build/static/util/pm_char.o
compiling build/static/util/pm_list.o
compiling build/static/util/pm_strpbrk.o
compiling build/static/util/pm_buffer.o
compiling build/static/util/pm_state_stack.o
compiling build/static/util/pm_newline_list.o
compiling build/static/util/pm_string.o
compiling build/static/util/pm_memchr.o
compiling build/static/diagnostic.o
compiling build/static/prettyprint.o
compiling build/static/token_type.o
compiling build/static/node.o
compiling build/static/serialize.o
compiling build/static/prism.o
compiling build/static/regexp.o
building build/librubyparser.a
ar: criando build/librubyparser.a
checking for prism.h in /home/leandro/Área de Trabalho/ecommerce_showzim_v2/''/gems/prism-0.15.1/include... yes
checking for prism/extension.h in /home/leandro/Área de Trabalho/ecommerce_showzim_v2/''/gems/prism-0.15.1/ext/prism/..... yes
creating Makefile

current directory: /home/leandro/Área de Trabalho/ecommerce_showzim_v2/''/gems/prism-0.15.1/ext/prism
make DESTDIR\= sitearchdir\=./.gem.20231030-15150-xnzfvo sitelibdir\=./.gem.20231030-15150-xnzfvo clean

current directory: /home/leandro/Área de Trabalho/ecommerce_showzim_v2/''/gems/prism-0.15.1/ext/prism
make DESTDIR\= sitearchdir\=./.gem.20231030-15150-xnzfvo sitelibdir\=./.gem.20231030-15150-xnzfvo
compiling api_node.c
compiling api_pack.c
compiling extension.c
make: *** Sem regra para processar o alvo '/home/leandro/Área', necessário por 'prism.so'.  Pare.

make failed, exit code 2
