block in append_cflags: checking for whether -fvisibility=hidden is accepted as CFLAGS... -------------------- yes

LD_LIBRARY_PATH=.:/home/leandro/.rbenv/versions/3.2.2/lib "gcc -o conftest -I/home/leandro/.rbenv/versions/3.2.2/include/ruby-3.2.0/x86_64-linux -I/home/leandro/.rbenv/versions/3.2.2/include/ruby-3.2.0/ruby/backward -I/home/leandro/.rbenv/versions/3.2.2/include/ruby-3.2.0 -I. -I/home/leandro/.rbenv/versions/3.2.2/include    -O3 -fno-fast-math -ggdb3 -Wall -Wextra -Wdeprecated-declarations -Wdiv-by-zero -Wduplicated-cond -Wimplicit-function-declaration -Wimplicit-int -Wmisleading-indentation -Wpointer-arith -Wwrite-strings -Wold-style-definition -Wimplicit-fallthrough=0 -Wmissing-noreturn -Wno-cast-function-type -Wno-constant-logical-operand -Wno-long-long -Wno-missing-field-initializers -Wno-overlength-strings -Wno-packed-bitfield-compat -Wno-parentheses-equality -Wno-self-assign -Wno-tautological-compare -Wno-unused-parameter -Wno-unused-value -Wsuggest-attribute=format -Wsuggest-attribute=noreturn -Wunused-variable -Wundef  -fPIC conftest.c  -L. -L/home/leandro/.rbenv/versions/3.2.2/lib -Wl,-rpath,/home/leandro/.rbenv/versions/3.2.2/lib -L. -L/home/leandro/.rbenv/versions/3.2.2/lib  -fstack-protector-strong -rdynamic -Wl,-export-dynamic -Wl,--no-as-needed     -Wl,-rpath,/home/leandro/.rbenv/versions/3.2.2/lib -L/home/leandro/.rbenv/versions/3.2.2/lib -lruby  -lm -lpthread  -lc"
checked program was:
/* begin */
1: #include "ruby.h"
2: 
3: int main(int argc, char **argv)
4: {
5:   return !!argv[argc];
6: }
/* end */

LD_LIBRARY_PATH=.:/home/leandro/.rbenv/versions/3.2.2/lib "gcc -I/home/leandro/.rbenv/versions/3.2.2/include/ruby-3.2.0/x86_64-linux -I/home/leandro/.rbenv/versions/3.2.2/include/ruby-3.2.0/ruby/backward -I/home/leandro/.rbenv/versions/3.2.2/include/ruby-3.2.0 -I. -I/home/leandro/.rbenv/versions/3.2.2/include    -O3 -fno-fast-math -ggdb3 -Wall -Wextra -Wdeprecated-declarations -Wdiv-by-zero -Wduplicated-cond -Wimplicit-function-declaration -Wimplicit-int -Wmisleading-indentation -Wpointer-arith -Wwrite-strings -Wold-style-definition -Wimplicit-fallthrough=0 -Wmissing-noreturn -Wno-cast-function-type -Wno-constant-logical-operand -Wno-long-long -Wno-missing-field-initializers -Wno-overlength-strings -Wno-packed-bitfield-compat -Wno-parentheses-equality -Wno-self-assign -Wno-tautological-compare -Wno-unused-parameter -Wno-unused-value -Wsuggest-attribute=format -Wsuggest-attribute=noreturn -Wunused-variable -Wundef  -fPIC  -fvisibility=hidden -Werror -c conftest.c"
checked program was:
/* begin */
1: #include "ruby.h"
2: 
3: int main(int argc, char **argv)
4: {
5:   return !!argv[argc];
6: }
/* end */

--------------------

find_header: checking for prism.h in /home/leandro/Área de Trabalho/ecommerce_showzim_v2/''/gems/prism-0.15.1/include... -------------------- yes

LD_LIBRARY_PATH=.:/home/leandro/.rbenv/versions/3.2.2/lib "gcc -I/home/leandro/.rbenv/versions/3.2.2/include/ruby-3.2.0/x86_64-linux -I/home/leandro/.rbenv/versions/3.2.2/include/ruby-3.2.0/ruby/backward -I/home/leandro/.rbenv/versions/3.2.2/include/ruby-3.2.0 -I. -I/home/leandro/.rbenv/versions/3.2.2/include    -O3 -fno-fast-math -ggdb3 -Wall -Wextra -Wdeprecated-declarations -Wdiv-by-zero -Wduplicated-cond -Wimplicit-function-declaration -Wimplicit-int -Wmisleading-indentation -Wpointer-arith -Wwrite-strings -Wold-style-definition -Wimplicit-fallthrough=0 -Wmissing-noreturn -Wno-cast-function-type -Wno-constant-logical-operand -Wno-long-long -Wno-missing-field-initializers -Wno-overlength-strings -Wno-packed-bitfield-compat -Wno-parentheses-equality -Wno-self-assign -Wno-tautological-compare -Wno-unused-parameter -Wno-unused-value -Wsuggest-attribute=format -Wsuggest-attribute=noreturn -Wunused-variable -Wundef  -fPIC -fvisibility=hidden   -c conftest.c"
conftest.c:3:10: fatal error: prism.h: Arquivo ou diretório inexistente
    3 | #include <prism.h>
      |          ^~~~~~~~~
compilation terminated.
checked program was:
/* begin */
1: #include "ruby.h"
2: 
3: #include <prism.h>
/* end */

LD_LIBRARY_PATH=.:/home/leandro/.rbenv/versions/3.2.2/lib "gcc -I/home/leandro/.rbenv/versions/3.2.2/include/ruby-3.2.0/x86_64-linux -I/home/leandro/.rbenv/versions/3.2.2/include/ruby-3.2.0/ruby/backward -I/home/leandro/.rbenv/versions/3.2.2/include/ruby-3.2.0 -I. -I/home/leandro/.rbenv/versions/3.2.2/include    -O3 -fno-fast-math -ggdb3 -Wall -Wextra -Wdeprecated-declarations -Wdiv-by-zero -Wduplicated-cond -Wimplicit-function-declaration -Wimplicit-int -Wmisleading-indentation -Wpointer-arith -Wwrite-strings -Wold-style-definition -Wimplicit-fallthrough=0 -Wmissing-noreturn -Wno-cast-function-type -Wno-constant-logical-operand -Wno-long-long -Wno-missing-field-initializers -Wno-overlength-strings -Wno-packed-bitfield-compat -Wno-parentheses-equality -Wno-self-assign -Wno-tautological-compare -Wno-unused-parameter -Wno-unused-value -Wsuggest-attribute=format -Wsuggest-attribute=noreturn -Wunused-variable -Wundef  -fPIC -fvisibility=hidden  "-I/home/leandro/Área de Trabalho/ecommerce_showzim_v2/''/gems/prism-0.15.1/include" -c conftest.c"
checked program was:
/* begin */
1: #include "ruby.h"
2: 
3: #include <prism.h>
/* end */

--------------------

find_header: checking for prism/extension.h in /home/leandro/Área de Trabalho/ecommerce_showzim_v2/''/gems/prism-0.15.1/ext/prism/..... -------------------- yes

LD_LIBRARY_PATH=.:/home/leandro/.rbenv/versions/3.2.2/lib "gcc -I/home/leandro/.rbenv/versions/3.2.2/include/ruby-3.2.0/x86_64-linux -I/home/leandro/.rbenv/versions/3.2.2/include/ruby-3.2.0/ruby/backward -I/home/leandro/.rbenv/versions/3.2.2/include/ruby-3.2.0 -I. "-I/home/leandro/Área de Trabalho/ecommerce_showzim_v2/''/gems/prism-0.15.1/include" -I/home/leandro/.rbenv/versions/3.2.2/include    -O3 -fno-fast-math -ggdb3 -Wall -Wextra -Wdeprecated-declarations -Wdiv-by-zero -Wduplicated-cond -Wimplicit-function-declaration -Wimplicit-int -Wmisleading-indentation -Wpointer-arith -Wwrite-strings -Wold-style-definition -Wimplicit-fallthrough=0 -Wmissing-noreturn -Wno-cast-function-type -Wno-constant-logical-operand -Wno-long-long -Wno-missing-field-initializers -Wno-overlength-strings -Wno-packed-bitfield-compat -Wno-parentheses-equality -Wno-self-assign -Wno-tautological-compare -Wno-unused-parameter -Wno-unused-value -Wsuggest-attribute=format -Wsuggest-attribute=noreturn -Wunused-variable -Wundef  -fPIC -fvisibility=hidden   -c conftest.c"
conftest.c:3:10: fatal error: prism/extension.h: Arquivo ou diretório inexistente
    3 | #include <prism/extension.h>
      |          ^~~~~~~~~~~~~~~~~~~
compilation terminated.
checked program was:
/* begin */
1: #include "ruby.h"
2: 
3: #include <prism/extension.h>
/* end */

LD_LIBRARY_PATH=.:/home/leandro/.rbenv/versions/3.2.2/lib "gcc -I/home/leandro/.rbenv/versions/3.2.2/include/ruby-3.2.0/x86_64-linux -I/home/leandro/.rbenv/versions/3.2.2/include/ruby-3.2.0/ruby/backward -I/home/leandro/.rbenv/versions/3.2.2/include/ruby-3.2.0 -I. "-I/home/leandro/Área de Trabalho/ecommerce_showzim_v2/''/gems/prism-0.15.1/include" -I/home/leandro/.rbenv/versions/3.2.2/include    -O3 -fno-fast-math -ggdb3 -Wall -Wextra -Wdeprecated-declarations -Wdiv-by-zero -Wduplicated-cond -Wimplicit-function-declaration -Wimplicit-int -Wmisleading-indentation -Wpointer-arith -Wwrite-strings -Wold-style-definition -Wimplicit-fallthrough=0 -Wmissing-noreturn -Wno-cast-function-type -Wno-constant-logical-operand -Wno-long-long -Wno-missing-field-initializers -Wno-overlength-strings -Wno-packed-bitfield-compat -Wno-parentheses-equality -Wno-self-assign -Wno-tautological-compare -Wno-unused-parameter -Wno-unused-value -Wsuggest-attribute=format -Wsuggest-attribute=noreturn -Wunused-variable -Wundef  -fPIC -fvisibility=hidden  "-I/home/leandro/Área de Trabalho/ecommerce_showzim_v2/''/gems/prism-0.15.1/ext/prism/.." -c conftest.c"
checked program was:
/* begin */
1: #include "ruby.h"
2: 
3: #include <prism/extension.h>
/* end */

--------------------

